[debug] [2023-05-01T12:21:36.750Z] ----------------------------------------------------------------------
[debug] [2023-05-01T12:21:36.751Z] Command:       C:\Program Files\nodejs\node.exe C:\Program Files\nodejs\node_modules\firebase-tools\lib\bin\firebase.js deploy
[debug] [2023-05-01T12:21:36.752Z] CLI Version:   11.28.0
[debug] [2023-05-01T12:21:36.752Z] Platform:      win32
[debug] [2023-05-01T12:21:36.752Z] Node Version:  v16.18.0
[debug] [2023-05-01T12:21:36.753Z] Time:          Mon May 01 2023 14:21:36 GMT+0200 (Central European Summer Time)
[debug] [2023-05-01T12:21:36.753Z] ----------------------------------------------------------------------
[debug] 
[debug] [2023-05-01T12:21:36.819Z] > command requires scopes: ["email","openid","https://www.googleapis.com/auth/cloudplatformprojects.readonly","https://www.googleapis.com/auth/firebase","https://www.googleapis.com/auth/cloud-platform"]
[debug] [2023-05-01T12:21:36.820Z] > authorizing via signed-in user (peter.drevicky@gmail.com)
[debug] [2023-05-01T12:21:36.820Z] [iam] checking project mymoney-cc3db for permissions ["datastore.indexes.create","datastore.indexes.delete","datastore.indexes.list","datastore.indexes.update","firebase.projects.get","firebasehosting.sites.update"]
[debug] [2023-05-01T12:21:36.821Z] > refreshing access token with scopes: []
[debug] [2023-05-01T12:21:36.823Z] >>> [apiv2][query] POST https://www.googleapis.com/oauth2/v3/token [none]
[debug] [2023-05-01T12:21:36.823Z] >>> [apiv2][body] POST https://www.googleapis.com/oauth2/v3/token [omitted]
[debug] [2023-05-01T12:21:37.004Z] <<< [apiv2][status] POST https://www.googleapis.com/oauth2/v3/token 200
[debug] [2023-05-01T12:21:37.004Z] <<< [apiv2][body] POST https://www.googleapis.com/oauth2/v3/token [omitted]
[debug] [2023-05-01T12:21:37.020Z] >>> [apiv2][query] POST https://cloudresourcemanager.googleapis.com/v1/projects/mymoney-cc3db:testIamPermissions [none]
[debug] [2023-05-01T12:21:37.020Z] >>> [apiv2][(partial)header] POST https://cloudresourcemanager.googleapis.com/v1/projects/mymoney-cc3db:testIamPermissions x-goog-quota-user=projects/mymoney-cc3db
[debug] [2023-05-01T12:21:37.021Z] >>> [apiv2][body] POST https://cloudresourcemanager.googleapis.com/v1/projects/mymoney-cc3db:testIamPermissions {"permissions":["datastore.indexes.create","datastore.indexes.delete","datastore.indexes.list","datastore.indexes.update","firebase.projects.get","firebasehosting.sites.update"]}
[debug] [2023-05-01T12:21:37.775Z] <<< [apiv2][status] POST https://cloudresourcemanager.googleapis.com/v1/projects/mymoney-cc3db:testIamPermissions 200
[debug] [2023-05-01T12:21:37.776Z] <<< [apiv2][body] POST https://cloudresourcemanager.googleapis.com/v1/projects/mymoney-cc3db:testIamPermissions {"permissions":["datastore.indexes.create","datastore.indexes.delete","datastore.indexes.list","datastore.indexes.update","firebase.projects.get","firebasehosting.sites.update"]}
[debug] [2023-05-01T12:21:37.777Z] >>> [apiv2][query] GET https://firebase.googleapis.com/v1beta1/projects/mymoney-cc3db [none]
[debug] [2023-05-01T12:21:38.030Z] <<< [apiv2][status] GET https://firebase.googleapis.com/v1beta1/projects/mymoney-cc3db 200
[debug] [2023-05-01T12:21:38.030Z] <<< [apiv2][body] GET https://firebase.googleapis.com/v1beta1/projects/mymoney-cc3db {"projectId":"mymoney-cc3db","projectNumber":"321967346292","displayName":"myMoney","name":"projects/mymoney-cc3db","resources":{"hostingSite":"mymoney-cc3db"},"state":"ACTIVE","etag":"1_1b4eea81-be70-41a9-835e-28e7c345f758"}
[info] 
[info] === Deploying to 'mymoney-cc3db'...
[info] 
[info] i  deploying firestore, hosting 
[info] i  firestore: reading indexes from firestore.indexes.json... 
[info] i  cloud.firestore: checking firestore.rules for compilation errors... 
[debug] [2023-05-01T12:21:38.034Z] >>> [apiv2][query] POST https://firebaserules.googleapis.com/v1/projects/mymoney-cc3db:test [none]
[debug] [2023-05-01T12:21:38.034Z] >>> [apiv2][body] POST https://firebaserules.googleapis.com/v1/projects/mymoney-cc3db:test [omitted]
[debug] [2023-05-01T12:21:38.790Z] <<< [apiv2][status] POST https://firebaserules.googleapis.com/v1/projects/mymoney-cc3db:test 200
[debug] [2023-05-01T12:21:38.790Z] <<< [apiv2][body] POST https://firebaserules.googleapis.com/v1/projects/mymoney-cc3db:test {}
[info] +  cloud.firestore: rules file firestore.rules compiled successfully 
[debug] [2023-05-01T12:21:38.794Z] >>> [apiv2][query] POST https://firebasehosting.googleapis.com/v1beta1/projects/-/sites/mymoney-cc3db/versions [none]
[debug] [2023-05-01T12:21:38.794Z] >>> [apiv2][body] POST https://firebasehosting.googleapis.com/v1beta1/projects/-/sites/mymoney-cc3db/versions {"status":"CREATED","labels":{"deployment-tool":"cli-firebase"}}
[debug] [2023-05-01T12:21:40.042Z] <<< [apiv2][status] POST https://firebasehosting.googleapis.com/v1beta1/projects/-/sites/mymoney-cc3db/versions 200
[debug] [2023-05-01T12:21:40.042Z] <<< [apiv2][body] POST https://firebasehosting.googleapis.com/v1beta1/projects/-/sites/mymoney-cc3db/versions {"name":"projects/321967346292/sites/mymoney-cc3db/versions/4e9dfc016014413f","status":"CREATED","config":{},"labels":{"deployment-tool":"cli-firebase"}}
[info] i  firestore: deploying indexes... 
[debug] [2023-05-01T12:21:40.045Z] >>> [apiv2][query] GET https://firebaserules.googleapis.com/v1/projects/mymoney-cc3db/releases pageSize=10&pageToken=
[debug] [2023-05-01T12:21:40.046Z] >>> [apiv2][query] GET https://firestore.googleapis.com/v1/projects/mymoney-cc3db/databases/(default)/collectionGroups/-/indexes [none]
[debug] [2023-05-01T12:21:40.286Z] <<< [apiv2][status] GET https://firebaserules.googleapis.com/v1/projects/mymoney-cc3db/releases 200
[debug] [2023-05-01T12:21:40.286Z] <<< [apiv2][body] GET https://firebaserules.googleapis.com/v1/projects/mymoney-cc3db/releases {"releases":[{"name":"projects/mymoney-cc3db/releases/cloud.firestore","rulesetName":"projects/mymoney-cc3db/rulesets/279543bf-e73c-4552-9a3c-d39e1afc9bdd","createTime":"2023-04-21T20:41:50.055350Z","updateTime":"2023-05-01T10:01:22.113651Z"}]}
[debug] [2023-05-01T12:21:40.287Z] >>> [apiv2][query] GET https://firebaserules.googleapis.com/v1/projects/mymoney-cc3db/rulesets/279543bf-e73c-4552-9a3c-d39e1afc9bdd [none]
[debug] [2023-05-01T12:21:40.294Z] <<< [apiv2][status] GET https://firestore.googleapis.com/v1/projects/mymoney-cc3db/databases/(default)/collectionGroups/-/indexes 200
[debug] [2023-05-01T12:21:40.294Z] <<< [apiv2][body] GET https://firestore.googleapis.com/v1/projects/mymoney-cc3db/databases/(default)/collectionGroups/-/indexes {"indexes":[{"name":"projects/mymoney-cc3db/databases/(default)/collectionGroups/transactions/indexes/CICAgJj7z4EK","queryScope":"COLLECTION","fields":[{"fieldPath":"uid","order":"ASCENDING"},{"fieldPath":"createdAt","order":"DESCENDING"},{"fieldPath":"__name__","order":"DESCENDING"}],"state":"READY"},{"name":"projects/mymoney-cc3db/databases/(default)/collectionGroups/transaction/indexes/CICAgJjF9oIK","queryScope":"COLLECTION","fields":[{"fieldPath":"uid","order":"ASCENDING"},{"fieldPath":"createdAt","order":"DESCENDING"},{"fieldPath":"__name__","order":"DESCENDING"}],"state":"READY"}]}
[debug] [2023-05-01T12:21:40.295Z] >>> [apiv2][query] GET https://firestore.googleapis.com/v1/projects/mymoney-cc3db/databases/(default)/collectionGroups/-/fields?filter=indexConfig.usesAncestorConfig=false OR ttlConfig:* [none]
[debug] [2023-05-01T12:21:40.556Z] <<< [apiv2][status] GET https://firestore.googleapis.com/v1/projects/mymoney-cc3db/databases/(default)/collectionGroups/-/fields?filter=indexConfig.usesAncestorConfig=false OR ttlConfig:* 200
[debug] [2023-05-01T12:21:40.557Z] <<< [apiv2][body] GET https://firestore.googleapis.com/v1/projects/mymoney-cc3db/databases/(default)/collectionGroups/-/fields?filter=indexConfig.usesAncestorConfig=false OR ttlConfig:* {"fields":[{"name":"projects/mymoney-cc3db/databases/(default)/collectionGroups/__default__/fields/*","indexConfig":{"indexes":[{"queryScope":"COLLECTION","fields":[{"fieldPath":"*","order":"ASCENDING"}],"state":"READY"},{"queryScope":"COLLECTION","fields":[{"fieldPath":"*","order":"DESCENDING"}],"state":"READY"},{"queryScope":"COLLECTION","fields":[{"fieldPath":"*","arrayConfig":"CONTAINS"}],"state":"READY"}]}}]}
[info] i  firestore: The following indexes are defined in your project but are not present in your firestore indexes file:
	(transactions) -- (uid,ASCENDING) (createdAt,DESCENDING)  
[debug] [2023-05-01T12:21:40.989Z] <<< [apiv2][status] GET https://firebaserules.googleapis.com/v1/projects/mymoney-cc3db/rulesets/279543bf-e73c-4552-9a3c-d39e1afc9bdd 200
[debug] [2023-05-01T12:21:40.989Z] <<< [apiv2][body] GET https://firebaserules.googleapis.com/v1/projects/mymoney-cc3db/rulesets/279543bf-e73c-4552-9a3c-d39e1afc9bdd [omitted]
[info] i  firestore: latest version of firestore.rules already up to date, skipping upload... 
